
===================================
Wykryto wielokrotne nieudane próby logowania:
Data i czas pierwszego zdarzenia: 06/Jan/2025 14:56:12
IP: 185.20.69.233
Login: pawko1317
Opis: 2 nieudanych prób logowania z jednego IP.
===================================
            

===================================
Wykryto wielokrotne nieudane próby logowania:
Data i czas pierwszego zdarzenia: 06/Jan/2025 17:59:21
IP: 82.201.79.17
Login: julrom9000
Opis: 2 nieudanych prób logowania z jednego IP.
===================================
            

===================================
Wykryto wielokrotne nieudane próby logowania:
Data i czas pierwszego zdarzenia: 06/Jan/2025 20:22:28
IP: 81.34.249.7
Login: pawjar1568
Opis: 2 nieudanych prób logowania z jednego IP.
===================================
            

===================================
Wykryto wielokrotne nieudane próby logowania:
Data i czas pierwszego zdarzenia: 07/Jan/2025 09:30:02
IP: 82.129.222.242
Login: magsl6857
Opis: 2 nieudanych prób logowania z jednego IP.
===================================
            

===================================
Wykryto wielokrotne nieudane próby logowania:
Data i czas pierwszego zdarzenia: 07/Jan/2025 13:41:29
IP: 82.149.153.186
Login: natpe4276
Opis: 2 nieudanych prób logowania z jednego IP.
===================================
            

===================================
Wykryto wielokrotne nieudane próby logowania:
Data i czas pierwszego zdarzenia: 07/Jan/2025 18:15:31
IP: 185.166.117.40
Login: marcza2796
Opis: 2 nieudanych prób logowania z jednego IP.
===================================
            

===================================
Wykryto wielokrotne nieudane próby logowania:
Data i czas pierwszego zdarzenia: 08/Jan/2025 06:25:17
IP: 81.60.219.164
Login: marsko7564
Opis: 2 nieudanych prób logowania z jednego IP.
===================================
            

===================================
Wykryto wielokrotne nieudane próby logowania:
Data i czas pierwszego zdarzenia: 08/Jan/2025 07:38:06
IP: 82.225.29.67
Login: magsto8922
Opis: 2 nieudanych prób logowania z jednego IP.
===================================
            

===================================
Wykryto wielokrotne nieudane próby logowania:
Data i czas pierwszego zdarzenia: 08/Jan/2025 11:51:36
IP: 81.221.120.178
Login: tomkow7316
Opis: 2 nieudanych prób logowania z jednego IP.
===================================
            

===================================
Wykryto wielokrotne nieudane próby logowania:
Data i czas pierwszego zdarzenia: 08/Jan/2025 15:01:59
IP: 81.246.224.238
Login: adaro6794
Opis: 2 nieudanych prób logowania z jednego IP.
===================================
            

===================================
Wykryto wielokrotne nieudane próby logowania:
Data i czas pierwszego zdarzenia: 08/Jan/2025 21:29:04
IP: 185.137.105.224
Login: sebpab6786
Opis: 2 nieudanych prób logowania z jednego IP.
===================================
            

===================================
Wykryto wielokrotne nieudane próby logowania:
Data i czas pierwszego zdarzenia: 09/Jan/2025 00:52:20
IP: 82.52.180.195
Login: macbac1179
Opis: 2 nieudanych prób logowania z jednego IP.
===================================
            

===================================
Wykryto wielokrotne nieudane próby logowania:
Data i czas pierwszego zdarzenia: 09/Jan/2025 06:18:36
IP: 185.121.205.133
Login: magand5333
Opis: 2 nieudanych prób logowania z jednego IP.
===================================
            

===================================
Wykryto wielokrotne nieudane próby logowania:
Data i czas pierwszego zdarzenia: 09/Jan/2025 21:37:03
IP: 185.106.103.255
Login: ewabia7871
Opis: 2 nieudanych prób logowania z jednego IP.
===================================
            

===================================
Wykryto wielokrotne nieudane próby logowania:
Data i czas pierwszego zdarzenia: 10/Jan/2025 04:08:11
IP: 82.95.219.165
Login: rafsie8408
Opis: 2 nieudanych prób logowania z jednego IP.
===================================
            

===================================
Wykryto wielokrotne nieudane próby logowania:
Data i czas pierwszego zdarzenia: 11/Jan/2025 19:34:11
IP: 81.136.191.161
Login: Luko3283
Opis: 2 nieudanych prób logowania z jednego IP.
===================================
            

===================================
Wykryto wielokrotne nieudane próby logowania:
Data i czas pierwszego zdarzenia: 12/Jan/2025 13:18:17
IP: 82.16.107.26
Login: annkwi1479
Opis: 2 nieudanych prób logowania z jednego IP.
===================================
            

===================================
Wykryto wielokrotne nieudane próby logowania:
Data i czas pierwszego zdarzenia: 12/Jan/2025 14:21:36
IP: 82.228.45.13
Login: natkac6306
Opis: 2 nieudanych prób logowania z jednego IP.
===================================
            

===================================
Wykryto wielokrotne nieudane próby logowania:
Data i czas pierwszego zdarzenia: 12/Jan/2025 17:46:54
IP: 81.86.71.91
Login: agnkoz8091
Opis: 2 nieudanych prób logowania z jednego IP.
===================================
            

===================================
Wykryto wielokrotne nieudane próby logowania:
Data i czas pierwszego zdarzenia: 13/Jan/2025 04:37:57
IP: 81.70.162.203
Login: karpie2469
Opis: 2 nieudanych prób logowania z jednego IP.
===================================
            
